0 info it worked if it ends with ok
1 verbose cli [ '/Users/jonathan_rankin/.nvm/versions/node/v6.0.0/bin/node',
1 verbose cli   '/Users/jonathan_rankin/.nvm/versions/node/v6.0.0/bin/npm',
1 verbose cli   'install',
1 verbose cli   '../../gu-bechdel/gu-bechdel-1.0.0.tgz' ]
2 info using npm@3.8.6
3 info using node@v6.0.0
4 silly loadCurrentTree Starting
5 silly install loadCurrentTree
6 silly install readLocalPackageData
7 silly fetchPackageMetaData ../../gu-bechdel/gu-bechdel-1.0.0.tgz
8 silly fetchOtherPackageData ../../gu-bechdel/gu-bechdel-1.0.0.tgz
9 silly cache add args [ '../../gu-bechdel/gu-bechdel-1.0.0.tgz', null ]
10 verbose cache add spec ../../gu-bechdel/gu-bechdel-1.0.0.tgz
11 silly cache add parsed spec Result {
11 silly cache add   raw: '../../gu-bechdel/gu-bechdel-1.0.0.tgz',
11 silly cache add   scope: null,
11 silly cache add   name: null,
11 silly cache add   rawSpec: '../../gu-bechdel/gu-bechdel-1.0.0.tgz',
11 silly cache add   spec: '/Users/jonathan_rankin/gu-bechdel/gu-bechdel-1.0.0.tgz',
11 silly cache add   type: 'local' }
12 error addLocal Could not install /Users/jonathan_rankin/gu-bechdel/gu-bechdel-1.0.0.tgz
13 silly fetchPackageMetaData Error: ENOENT: no such file or directory, open '/Users/jonathan_rankin/gu-bechdel/gu-bechdel-1.0.0.tgz'
13 silly fetchPackageMetaData     at Error (native)
13 silly fetchPackageMetaData  error for ../../gu-bechdel/gu-bechdel-1.0.0.tgz { Error: ENOENT: no such file or directory, open '/Users/jonathan_rankin/gu-bechdel/gu-bechdel-1.0.0.tgz'
13 silly fetchPackageMetaData     at Error (native)
13 silly fetchPackageMetaData   errno: -2,
13 silly fetchPackageMetaData   code: 'ENOENT',
13 silly fetchPackageMetaData   syscall: 'open',
13 silly fetchPackageMetaData   path: '/Users/jonathan_rankin/gu-bechdel/gu-bechdel-1.0.0.tgz' }
14 silly rollbackFailedOptional Starting
15 silly rollbackFailedOptional Finishing
16 silly runTopLevelLifecycles Starting
17 silly runTopLevelLifecycles Finishing
18 silly install printInstalled
19 verbose stack Error: ENOENT: no such file or directory, open '/Users/jonathan_rankin/gu-bechdel/gu-bechdel-1.0.0.tgz'
19 verbose stack     at Error (native)
20 verbose cwd /Users/jonathan_rankin/dev/bechdel
21 error Darwin 16.7.0
22 error argv "/Users/jonathan_rankin/.nvm/versions/node/v6.0.0/bin/node" "/Users/jonathan_rankin/.nvm/versions/node/v6.0.0/bin/npm" "install" "../../gu-bechdel/gu-bechdel-1.0.0.tgz"
23 error node v6.0.0
24 error npm  v3.8.6
25 error path /Users/jonathan_rankin/gu-bechdel/gu-bechdel-1.0.0.tgz
26 error code ENOENT
27 error errno -2
28 error syscall open
29 error enoent ENOENT: no such file or directory, open '/Users/jonathan_rankin/gu-bechdel/gu-bechdel-1.0.0.tgz'
30 error enoent ENOENT: no such file or directory, open '/Users/jonathan_rankin/gu-bechdel/gu-bechdel-1.0.0.tgz'
30 error enoent This is most likely not a problem with npm itself
30 error enoent and is related to npm not being able to find a file.
31 verbose exit [ -2, true ]
